Working dir: /data

Testing Read IOPS...
read_iops: (g=0): rw=randread, bs=4096B-4096B,4096B-4096B,4096B-4096B, ioengine=libaio, iodepth=64
fio-2.17-45-g06cb
Starting 1 process
read_iops: Laying out IO file(s) (1 file(s) / 2048MiB)

read_iops: (groupid=0, jobs=1): err= 0: pid=8: Fri Sep  6 21:45:02 2019
   read: IOPS=12.8k, BW=49.8MiB/s (52.2MB/s)(747MiB/15012msec)
  cpu          : usr=2.98%, sys=10.43%, ctx=21062, majf=0, minf=1
  IO depths    : 1=0.1%, 2=0.1%, 4=0.1%, 8=0.1%, 16=0.1%, 32=0.1%, >=64=112.3%
     submit    : 0=0.0%, 4=100.0%, 8=0.0%, 16=0.0%, 32=0.0%, 64=0.0%, >=64=0.0%
     complete  : 0=0.0%, 4=100.0%, 8=0.0%, 16=0.0%, 32=0.0%, 64=0.1%, >=64=0.0%
     issued rwt: total=191117,0,0, short=0,0,0, dropped=0,0,0
     latency   : target=0, window=0, percentile=100.00%, depth=64

Run status group 0 (all jobs):
   READ: bw=49.8MiB/s (52.2MB/s), 49.8MiB/s-49.8MiB/s (52.2MB/s-52.2MB/s), io=747MiB (783MB), run=15012-15012msec

Disk stats (read/write):
  rbd0: ios=214494/10, merge=0/7, ticks=997265/584, in_queue=932868, util=99.58%


Testing Write IOPS...
write_iops: (g=0): rw=randwrite, bs=4096B-4096B,4096B-4096B,4096B-4096B, ioengine=libaio, iodepth=64
fio-2.17-45-g06cb
Starting 1 process

write_iops: (groupid=0, jobs=1): err= 0: pid=16: Fri Sep  6 21:45:19 2019
  write: IOPS=1434, BW=5755KiB/s (5893kB/s)(84.7MiB/15056msec)
  cpu          : usr=0.69%, sys=1.57%, ctx=3252, majf=0, minf=1
  IO depths    : 1=0.1%, 2=0.1%, 4=0.1%, 8=0.1%, 16=0.1%, 32=0.1%, >=64=121.5%
     submit    : 0=0.0%, 4=100.0%, 8=0.0%, 16=0.0%, 32=0.0%, 64=0.0%, >=64=0.0%
     complete  : 0=0.0%, 4=100.0%, 8=0.0%, 16=0.0%, 32=0.0%, 64=0.1%, >=64=0.0%
     issued rwt: total=0,21600,0, short=0,0,0, dropped=0,0,0
     latency   : target=0, window=0, percentile=100.00%, depth=64

Run status group 0 (all jobs):
  WRITE: bw=5755KiB/s (5893kB/s), 5755KiB/s-5755KiB/s (5893kB/s-5893kB/s), io=84.7MiB (88.8MB), run=15056-15056msec

Disk stats (read/write):
  rbd0: ios=0/26173, merge=0/0, ticks=0/1077090, in_queue=1073527, util=99.60%


Testing Read Bandwidth...
read_bw: (g=0): rw=randread, bs=128KiB-128KiB,128KiB-128KiB,128KiB-128KiB, ioengine=libaio, iodepth=64
fio-2.17-45-g06cb
Starting 1 process

read_bw: (groupid=0, jobs=1): err= 0: pid=24: Fri Sep  6 21:45:36 2019
   read: IOPS=2100, BW=263MiB/s (276MB/s)(3958MiB/15044msec)
  cpu          : usr=0.96%, sys=6.00%, ctx=17363, majf=0, minf=1
  IO depths    : 1=0.1%, 2=0.1%, 4=0.1%, 8=0.1%, 16=0.1%, 32=0.1%, >=64=112.4%
     submit    : 0=0.0%, 4=100.0%, 8=0.0%, 16=0.0%, 32=0.0%, 64=0.0%, >=64=0.0%
     complete  : 0=0.0%, 4=100.0%, 8=0.0%, 16=0.0%, 32=0.0%, 64=0.1%, >=64=0.0%
     issued rwt: total=31599,0,0, short=0,0,0, dropped=0,0,0
     latency   : target=0, window=0, percentile=100.00%, depth=64

Run status group 0 (all jobs):
   READ: bw=263MiB/s (276MB/s), 263MiB/s-263MiB/s (276MB/s-276MB/s), io=3958MiB (4150MB), run=15044-15044msec

Disk stats (read/write):
  rbd0: ios=35496/0, merge=1103/0, ticks=1063565/0, in_queue=1038274, util=99.61%


Testing Write Bandwidth...
write_bw: (g=0): rw=randwrite, bs=128KiB-128KiB,128KiB-128KiB,128KiB-128KiB, ioengine=libaio, iodepth=64
fio-2.17-45-g06cb
Starting 1 process

write_bw: (groupid=0, jobs=1): err= 0: pid=32: Fri Sep  6 21:45:54 2019
  write: IOPS=440, BW=55.6MiB/s (58.3MB/s)(841MiB/15138msec)
  cpu          : usr=0.97%, sys=1.59%, ctx=1280, majf=0, minf=1
  IO depths    : 1=0.1%, 2=0.1%, 4=0.1%, 8=0.1%, 16=0.2%, 32=0.5%, >=64=105.6%
     submit    : 0=0.0%, 4=100.0%, 8=0.0%, 16=0.0%, 32=0.0%, 64=0.0%, >=64=0.0%
     complete  : 0=0.0%, 4=100.0%, 8=0.0%, 16=0.0%, 32=0.0%, 64=0.1%, >=64=0.0%
     issued rwt: total=0,6666,0, short=0,0,0, dropped=0,0,0
     latency   : target=0, window=0, percentile=100.00%, depth=64

Run status group 0 (all jobs):
  WRITE: bw=55.6MiB/s (58.3MB/s), 55.6MiB/s-55.6MiB/s (58.3MB/s-58.3MB/s), io=841MiB (882MB), run=15138-15138msec

Disk stats (read/write):
  rbd0: ios=0/7006, merge=0/189, ticks=0/1078352, in_queue=1084380, util=99.60%


Testing Read Latency...
read_latency: (g=0): rw=randread, bs=4096B-4096B,4096B-4096B,4096B-4096B, ioengine=libaio, iodepth=4
fio-2.17-45-g06cb
Starting 1 process

read_latency: (groupid=0, jobs=1): err= 0: pid=40: Fri Sep  6 21:46:11 2019
   read: IOPS=3217, BW=12.6MiB/s (13.2MB/s)(189MiB/15002msec)
    slat (usec): min=4, max=368, avg=10.99, stdev= 8.86
    clat (usec): min=130, max=130807, avg=1226.89, stdev=3400.33
     lat (usec): min=138, max=130837, avg=1237.90, stdev=3401.09
    clat percentiles (usec):
     |  1.00th=[  181],  5.00th=[  243], 10.00th=[  322], 20.00th=[  458],
     | 30.00th=[  532], 40.00th=[  604], 50.00th=[  668], 60.00th=[  748],
     | 70.00th=[  852], 80.00th=[ 1004], 90.00th=[ 1512], 95.00th=[ 2992],
     | 99.00th=[14784], 99.50th=[25472], 99.90th=[47360], 99.95th=[55552],
     | 99.99th=[90624]
    lat (usec) : 250=5.46%, 500=19.74%, 750=34.91%, 1000=19.66%
    lat (msec) : 2=12.83%, 4=3.70%, 10=2.28%, 20=0.74%, 50=0.62%
    lat (msec) : 100=0.08%, 250=0.01%
  cpu          : usr=3.00%, sys=6.49%, ctx=34081, majf=0, minf=3
  IO depths    : 1=0.1%, 2=0.1%, 4=115.1%, 8=0.0%, 16=0.0%, 32=0.0%, >=64=0.0%
     submit    : 0=0.0%, 4=100.0%, 8=0.0%, 16=0.0%, 32=0.0%, 64=0.0%, >=64=0.0%
     complete  : 0=0.0%, 4=100.0%, 8=0.0%, 16=0.0%, 32=0.0%, 64=0.0%, >=64=0.0%
     issued rwt: total=48273,0,0, short=0,0,0, dropped=0,0,0
     latency   : target=0, window=0, percentile=100.00%, depth=4

Run status group 0 (all jobs):
   READ: bw=12.6MiB/s (13.2MB/s), 12.6MiB/s-12.6MiB/s (13.2MB/s-13.2MB/s), io=189MiB (198MB), run=15002-15002msec

Disk stats (read/write):
  rbd0: ios=55542/0, merge=0/0, ticks=64795/0, in_queue=64302, util=98.95%


Testing Write Latency...
write_latency: (g=0): rw=randwrite, bs=4096B-4096B,4096B-4096B,4096B-4096B, ioengine=libaio, iodepth=4
fio-2.17-45-g06cb
Starting 1 process

write_latency: (groupid=0, jobs=1): err= 0: pid=48: Fri Sep  6 21:46:29 2019
  write: IOPS=645, BW=2583KiB/s (2645kB/s)(37.9MiB/15003msec)
    slat (usec): min=5, max=500, avg=20.40, stdev=15.18
    clat (msec): min=1, max=207, avg= 6.17, stdev=10.08
     lat (msec): min=1, max=207, avg= 6.19, stdev=10.08
    clat percentiles (usec):
     |  1.00th=[ 1816],  5.00th=[ 2160], 10.00th=[ 2384], 20.00th=[ 2672],
     | 30.00th=[ 2960], 40.00th=[ 3280], 50.00th=[ 3696], 60.00th=[ 4256],
     | 70.00th=[ 5024], 80.00th=[ 6240], 90.00th=[ 9792], 95.00th=[17280],
     | 99.00th=[52992], 99.50th=[73216], 99.90th=[140288], 99.95th=[148480],
     | 99.99th=[207872]
    lat (msec) : 2=2.68%, 4=53.04%, 10=34.66%, 20=5.61%, 50=2.94%
    lat (msec) : 100=0.85%, 250=0.26%
  cpu          : usr=0.70%, sys=2.20%, ctx=7772, majf=0, minf=4
  IO depths    : 1=0.1%, 2=0.1%, 4=119.2%, 8=0.0%, 16=0.0%, 32=0.0%, >=64=0.0%
     submit    : 0=0.0%, 4=100.0%, 8=0.0%, 16=0.0%, 32=0.0%, 64=0.0%, >=64=0.0%
     complete  : 0=0.0%, 4=100.0%, 8=0.0%, 16=0.0%, 32=0.0%, 64=0.0%, >=64=0.0%
     issued rwt: total=0,9684,0, short=0,0,0, dropped=0,0,0
     latency   : target=0, window=0, percentile=100.00%, depth=4

Run status group 0 (all jobs):
  WRITE: bw=2583KiB/s (2645kB/s), 2583KiB/s-2583KiB/s (2645kB/s-2645kB/s), io=37.9MiB (39.7MB), run=15003-15003msec

Disk stats (read/write):
  rbd0: ios=0/11548, merge=0/0, ticks=0/66776, in_queue=66694, util=99.46%


Testing Read Sequential Speed...
read_seq: (g=0): rw=read, bs=1024KiB-1024KiB,1024KiB-1024KiB,1024KiB-1024KiB, ioengine=libaio, iodepth=16
...
fio-2.17-45-g06cb
Starting 4 threads
read_seq: Laying out IO file(s) (1 file(s) / 3548MiB)

read_seq: (groupid=0, jobs=1): err= 0: pid=56: Fri Sep  6 21:47:24 2019
   read: IOPS=66, BW=67.6MiB/s (70.9MB/s)(1047MiB/15498msec)
  cpu          : usr=0.05%, sys=1.06%, ctx=989, majf=0, minf=0
  IO depths    : 1=0.1%, 2=0.2%, 4=0.4%, 8=0.8%, 16=110.0%, 32=0.0%, >=64=0.0%
     submit    : 0=0.0%, 4=100.0%, 8=0.0%, 16=0.0%, 32=0.0%, 64=0.0%, >=64=0.0%
     complete  : 0=0.0%, 4=99.9%, 8=0.0%, 16=0.1%, 32=0.0%, 64=0.0%, >=64=0.0%
     issued rwt: total=1032,0,0, short=0,0,0, dropped=0,0,0
     latency   : target=0, window=0, percentile=100.00%, depth=16
read_seq: (groupid=0, jobs=1): err= 0: pid=57: Fri Sep  6 21:47:24 2019
   read: IOPS=69, BW=70.3MiB/s (73.7MB/s)(1094MiB/15577msec)
  cpu          : usr=0.04%, sys=1.13%, ctx=1044, majf=0, minf=0
  IO depths    : 1=0.1%, 2=0.2%, 4=0.4%, 8=0.7%, 16=111.1%, 32=0.0%, >=64=0.0%
     submit    : 0=0.0%, 4=100.0%, 8=0.0%, 16=0.0%, 32=0.0%, 64=0.0%, >=64=0.0%
     complete  : 0=0.0%, 4=99.9%, 8=0.0%, 16=0.1%, 32=0.0%, 64=0.0%, >=64=0.0%
     issued rwt: total=1079,0,0, short=0,0,0, dropped=0,0,0
     latency   : target=0, window=0, percentile=100.00%, depth=16
read_seq: (groupid=0, jobs=1): err= 0: pid=58: Fri Sep  6 21:47:24 2019
   read: IOPS=70, BW=71.7MiB/s (75.8MB/s)(1095MiB/15293msec)
  cpu          : usr=0.05%, sys=1.06%, ctx=1036, majf=0, minf=0
  IO depths    : 1=0.1%, 2=0.2%, 4=0.4%, 8=0.7%, 16=111.0%, 32=0.0%, >=64=0.0%
     submit    : 0=0.0%, 4=100.0%, 8=0.0%, 16=0.0%, 32=0.0%, 64=0.0%, >=64=0.0%
     complete  : 0=0.0%, 4=99.9%, 8=0.0%, 16=0.1%, 32=0.0%, 64=0.0%, >=64=0.0%
     issued rwt: total=1080,0,0, short=0,0,0, dropped=0,0,0
     latency   : target=0, window=0, percentile=100.00%, depth=16
read_seq: (groupid=0, jobs=1): err= 0: pid=59: Fri Sep  6 21:47:24 2019
   read: IOPS=72, BW=73.9MiB/s (77.4MB/s)(1139MiB/15434msec)
  cpu          : usr=0.06%, sys=1.15%, ctx=1080, majf=0, minf=0
  IO depths    : 1=0.1%, 2=0.2%, 4=0.4%, 8=0.7%, 16=106.7%, 32=0.0%, >=64=0.0%
     submit    : 0=0.0%, 4=100.0%, 8=0.0%, 16=0.0%, 32=0.0%, 64=0.0%, >=64=0.0%
     complete  : 0=0.0%, 4=99.9%, 8=0.0%, 16=0.1%, 32=0.0%, 64=0.0%, >=64=0.0%
     issued rwt: total=1124,0,0, short=0,0,0, dropped=0,0,0
     latency   : target=0, window=0, percentile=100.00%, depth=16

Run status group 0 (all jobs):
   READ: bw=281MiB/s (295MB/s), 67.6MiB/s-73.9MiB/s (70.9MB/s-77.4MB/s), io=4375MiB (4588MB), run=15293-15577msec

Disk stats (read/write):
  rbd0: ios=4732/13, merge=1183/6, ticks=1088718/3606, in_queue=1098161, util=98.58%


Testing Write Sequential Speed...
write_seq: (g=0): rw=write, bs=1024KiB-1024KiB,1024KiB-1024KiB,1024KiB-1024KiB, ioengine=libaio, iodepth=16
...
fio-2.17-45-g06cb
Starting 4 threads

write_seq: (groupid=0, jobs=1): err= 0: pid=67: Fri Sep  6 21:47:43 2019
  write: IOPS=20, BW=21.3MiB/s (22.3MB/s)(355MiB/16696msec)
  cpu          : usr=0.31%, sys=0.49%, ctx=226, majf=0, minf=0
  IO depths    : 1=0.3%, 2=0.6%, 4=1.2%, 8=2.4%, 16=107.9%, 32=0.0%, >=64=0.0%
     submit    : 0=0.0%, 4=100.0%, 8=0.0%, 16=0.0%, 32=0.0%, 64=0.0%, >=64=0.0%
     complete  : 0=0.0%, 4=99.7%, 8=0.0%, 16=0.3%, 32=0.0%, 64=0.0%, >=64=0.0%
     issued rwt: total=0,340,0, short=0,0,0, dropped=0,0,0
     latency   : target=0, window=0, percentile=100.00%, depth=16
write_seq: (groupid=0, jobs=1): err= 0: pid=68: Fri Sep  6 21:47:43 2019
  write: IOPS=20, BW=21.7MiB/s (22.1MB/s)(343MiB/16280msec)
  cpu          : usr=0.30%, sys=0.41%, ctx=209, majf=0, minf=0
  IO depths    : 1=0.3%, 2=0.6%, 4=1.2%, 8=2.4%, 16=111.9%, 32=0.0%, >=64=0.0%
     submit    : 0=0.0%, 4=100.0%, 8=0.0%, 16=0.0%, 32=0.0%, 64=0.0%, >=64=0.0%
     complete  : 0=0.0%, 4=99.7%, 8=0.0%, 16=0.3%, 32=0.0%, 64=0.0%, >=64=0.0%
     issued rwt: total=0,328,0, short=0,0,0, dropped=0,0,0
     latency   : target=0, window=0, percentile=100.00%, depth=16
write_seq: (groupid=0, jobs=1): err= 0: pid=69: Fri Sep  6 21:47:43 2019
  write: IOPS=19, BW=20.8MiB/s (21.7MB/s)(345MiB/16679msec)
  cpu          : usr=0.33%, sys=0.49%, ctx=223, majf=0, minf=0
  IO depths    : 1=0.3%, 2=0.6%, 4=1.2%, 8=2.4%, 16=111.2%, 32=0.0%, >=64=0.0%
     submit    : 0=0.0%, 4=100.0%, 8=0.0%, 16=0.0%, 32=0.0%, 64=0.0%, >=64=0.0%
     complete  : 0=0.0%, 4=99.7%, 8=0.0%, 16=0.3%, 32=0.0%, 64=0.0%, >=64=0.0%
     issued rwt: total=0,330,0, short=0,0,0, dropped=0,0,0
     latency   : target=0, window=0, percentile=100.00%, depth=16
write_seq: (groupid=0, jobs=1): err= 0: pid=70: Fri Sep  6 21:47:43 2019
  write: IOPS=21, BW=21.1MiB/s (22.1MB/s)(366MiB/16687msec)
  cpu          : usr=0.30%, sys=0.49%, ctx=221, majf=0, minf=0
  IO depths    : 1=0.3%, 2=0.6%, 4=1.1%, 8=2.3%, 16=104.6%, 32=0.0%, >=64=0.0%
     submit    : 0=0.0%, 4=100.0%, 8=0.0%, 16=0.0%, 32=0.0%, 64=0.0%, >=64=0.0%
     complete  : 0=0.0%, 4=99.7%, 8=0.0%, 16=0.3%, 32=0.0%, 64=0.0%, >=64=0.0%
     issued rwt: total=0,351,0, short=0,0,0, dropped=0,0,0
     latency   : target=0, window=0, percentile=100.00%, depth=16

Run status group 0 (all jobs):
  WRITE: bw=84.4MiB/s (88.5MB/s), 20.8MiB/s-21.1MiB/s (21.7MB/s-22.1MB/s), io=1409MiB (1477MB), run=16280-16696msec

Disk stats (read/write):
  rbd0: ios=0/1482, merge=0/376, ticks=0/1170093, in_queue=1180194, util=99.58%


Testing Read/Write Mixed...
rw_mix: (g=0): rw=randrw, bs=4096B-4096B,4096B-4096B,4096B-4096B, ioengine=libaio, iodepth=64
fio-2.17-45-g06cb
Starting 1 process

rw_mix: (groupid=0, jobs=1): err= 0: pid=78: Fri Sep  6 21:48:01 2019
   read: IOPS=4474, BW=17.6MiB/s (18.4MB/s)(263MiB/15010msec)
  write: IOPS=1483, BW=5939KiB/s (6082kB/s)(87.6MiB/15010msec)
  cpu          : usr=1.75%, sys=5.14%, ctx=13718, majf=0, minf=1
  IO depths    : 1=0.1%, 2=0.1%, 4=0.1%, 8=0.1%, 16=0.1%, 32=0.1%, >=64=113.5%
     submit    : 0=0.0%, 4=100.0%, 8=0.0%, 16=0.0%, 32=0.0%, 64=0.0%, >=64=0.0%
     complete  : 0=0.0%, 4=100.0%, 8=0.0%, 16=0.0%, 32=0.0%, 64=0.1%, >=64=0.0%
     issued rwt: total=67167,22261,0, short=0,0,0, dropped=0,0,0
     latency   : target=0, window=0, percentile=100.00%, depth=64

Run status group 0 (all jobs):
   READ: bw=17.6MiB/s (18.4MB/s), 17.6MiB/s-17.6MiB/s (18.4MB/s-18.4MB/s), io=263MiB (275MB), run=15010-15010msec
  WRITE: bw=5939KiB/s (6082kB/s), 5939KiB/s-5939KiB/s (6082kB/s-6082kB/s), io=87.6MiB (91.3MB), run=15010-15010msec

Disk stats (read/write):
  rbd0: ios=76226/25233, merge=0/0, ticks=479136/563892, in_queue=1011694, util=99.61%


All tests complete.

==================
= Dbench Summary =
==================
Random Read/Write IOPS: 12.8k/1434. BW: 263MiB/s / 55.6MiB/s
Average Latency (usec) Read/Write: 1237.90/
Sequential Read/Write: 281MiB/s / 84.4MiB/s
Mixed Random Read/Write IOPS: 4474/1483
