Working dir: /data

Testing Read IOPS...
read_iops: (g=0): rw=randread, bs=4096B-4096B,4096B-4096B,4096B-4096B, ioengine=libaio, iodepth=64
fio-2.17-45-g06cb
Starting 1 process
read_iops: Laying out IO file(s) (1 file(s) / 2048MiB)

read_iops: (groupid=0, jobs=1): err= 0: pid=8: Fri Sep  6 22:24:44 2019
   read: IOPS=14.4k, BW=55.1MiB/s (58.7MB/s)(843MiB/15069msec)
  cpu          : usr=3.55%, sys=10.82%, ctx=20486, majf=0, minf=1
  IO depths    : 1=0.1%, 2=0.1%, 4=0.1%, 8=0.1%, 16=0.1%, 32=0.1%, >=64=114.6%
     submit    : 0=0.0%, 4=100.0%, 8=0.0%, 16=0.0%, 32=0.0%, 64=0.0%, >=64=0.0%
     complete  : 0=0.0%, 4=100.0%, 8=0.0%, 16=0.0%, 32=0.0%, 64=0.1%, >=64=0.0%
     issued rwt: total=215868,0,0, short=0,0,0, dropped=0,0,0
     latency   : target=0, window=0, percentile=100.00%, depth=64

Run status group 0 (all jobs):
   READ: bw=55.1MiB/s (58.7MB/s), 55.1MiB/s-55.1MiB/s (58.7MB/s-58.7MB/s), io=843MiB (884MB), run=15069-15069msec

Disk stats (read/write):
  rbd0: ios=247215/10, merge=0/7, ticks=964918/97, in_queue=877575, util=99.58%


Testing Write IOPS...
write_iops: (g=0): rw=randwrite, bs=4096B-4096B,4096B-4096B,4096B-4096B, ioengine=libaio, iodepth=64
fio-2.17-45-g06cb
Starting 1 process

write_iops: (groupid=0, jobs=1): err= 0: pid=16: Fri Sep  6 22:25:01 2019
  write: IOPS=2811, BW=10.2MiB/s (11.6MB/s)(165MiB/15017msec)
  cpu          : usr=1.09%, sys=3.03%, ctx=6267, majf=0, minf=1
  IO depths    : 1=0.1%, 2=0.1%, 4=0.1%, 8=0.1%, 16=0.1%, 32=0.1%, >=64=114.7%
     submit    : 0=0.0%, 4=100.0%, 8=0.0%, 16=0.0%, 32=0.0%, 64=0.0%, >=64=0.0%
     complete  : 0=0.0%, 4=100.0%, 8=0.0%, 16=0.0%, 32=0.0%, 64=0.1%, >=64=0.0%
     issued rwt: total=0,42221,0, short=0,0,0, dropped=0,0,0
     latency   : target=0, window=0, percentile=100.00%, depth=64

Run status group 0 (all jobs):
  WRITE: bw=10.2MiB/s (11.6MB/s), 10.2MiB/s-10.2MiB/s (11.6MB/s-11.6MB/s), io=165MiB (173MB), run=15017-15017msec

Disk stats (read/write):
  rbd0: ios=0/48439, merge=0/0, ticks=0/1065277, in_queue=1057380, util=99.61%


Testing Read Bandwidth...
read_bw: (g=0): rw=randread, bs=128KiB-128KiB,128KiB-128KiB,128KiB-128KiB, ioengine=libaio, iodepth=64
fio-2.17-45-g06cb
Starting 1 process

read_bw: (groupid=0, jobs=1): err= 0: pid=24: Fri Sep  6 22:25:19 2019
   read: IOPS=2173, BW=272MiB/s (285MB/s)(4097MiB/15049msec)
  cpu          : usr=0.76%, sys=5.88%, ctx=14525, majf=0, minf=1
  IO depths    : 1=0.1%, 2=0.1%, 4=0.1%, 8=0.1%, 16=0.1%, 32=0.1%, >=64=112.5%
     submit    : 0=0.0%, 4=100.0%, 8=0.0%, 16=0.0%, 32=0.0%, 64=0.0%, >=64=0.0%
     complete  : 0=0.0%, 4=100.0%, 8=0.0%, 16=0.0%, 32=0.0%, 64=0.1%, >=64=0.0%
     issued rwt: total=32714,0,0, short=0,0,0, dropped=0,0,0
     latency   : target=0, window=0, percentile=100.00%, depth=64

Run status group 0 (all jobs):
   READ: bw=272MiB/s (285MB/s), 272MiB/s-272MiB/s (285MB/s-285MB/s), io=4097MiB (4296MB), run=15049-15049msec

Disk stats (read/write):
  rbd0: ios=36769/1, merge=1128/0, ticks=1042900/50, in_queue=998213, util=99.57%


Testing Write Bandwidth...
write_bw: (g=0): rw=randwrite, bs=128KiB-128KiB,128KiB-128KiB,128KiB-128KiB, ioengine=libaio, iodepth=64
fio-2.17-45-g06cb
Starting 1 process

write_bw: (groupid=0, jobs=1): err= 0: pid=32: Fri Sep  6 22:25:36 2019
  write: IOPS=636, BW=80.1MiB/s (83.1MB/s)(1210MiB/15112msec)
  cpu          : usr=1.54%, sys=1.98%, ctx=1852, majf=0, minf=1
  IO depths    : 1=0.1%, 2=0.1%, 4=0.1%, 8=0.1%, 16=0.2%, 32=0.3%, >=64=110.4%
     submit    : 0=0.0%, 4=100.0%, 8=0.0%, 16=0.0%, 32=0.0%, 64=0.0%, >=64=0.0%
     complete  : 0=0.0%, 4=100.0%, 8=0.0%, 16=0.0%, 32=0.0%, 64=0.1%, >=64=0.0%
     issued rwt: total=0,9620,0, short=0,0,0, dropped=0,0,0
     latency   : target=0, window=0, percentile=100.00%, depth=64

Run status group 0 (all jobs):
  WRITE: bw=80.1MiB/s (83.1MB/s), 80.1MiB/s-80.1MiB/s (83.1MB/s-83.1MB/s), io=1210MiB (1269MB), run=15112-15112msec

Disk stats (read/write):
  rbd0: ios=0/10591, merge=0/256, ticks=0/1077738, in_queue=1077454, util=99.56%


Testing Read Latency...
read_latency: (g=0): rw=randread, bs=4096B-4096B,4096B-4096B,4096B-4096B, ioengine=libaio, iodepth=4
fio-2.17-45-g06cb
Starting 1 process

read_latency: (groupid=0, jobs=1): err= 0: pid=40: Fri Sep  6 22:25:54 2019
   read: IOPS=4840, BW=18.1MiB/s (19.9MB/s)(284MiB/15003msec)
    slat (usec): min=4, max=300, avg=10.19, stdev= 7.39
    clat (usec): min=130, max=70312, avg=811.22, stdev=1022.64
     lat (usec): min=137, max=70319, avg=821.33, stdev=1023.09
    clat percentiles (usec):
     |  1.00th=[  187],  5.00th=[  266], 10.00th=[  346], 20.00th=[  438],
     | 30.00th=[  516], 40.00th=[  588], 50.00th=[  660], 60.00th=[  724],
     | 70.00th=[  804], 80.00th=[  908], 90.00th=[ 1144], 95.00th=[ 1688],
     | 99.00th=[ 4640], 99.50th=[ 6304], 99.90th=[11072], 99.95th=[15552],
     | 99.99th=[31872]
    lat (usec) : 250=4.08%, 500=24.18%, 750=35.06%, 1000=22.10%
    lat (msec) : 2=10.64%, 4=2.59%, 10=1.21%, 20=0.11%, 50=0.01%
    lat (msec) : 100=0.01%
  cpu          : usr=3.99%, sys=9.16%, ctx=52517, majf=0, minf=2
  IO depths    : 1=0.1%, 2=0.1%, 4=110.6%, 8=0.0%, 16=0.0%, 32=0.0%, >=64=0.0%
     submit    : 0=0.0%, 4=100.0%, 8=0.0%, 16=0.0%, 32=0.0%, 64=0.0%, >=64=0.0%
     complete  : 0=0.0%, 4=100.0%, 8=0.0%, 16=0.0%, 32=0.0%, 64=0.0%, >=64=0.0%
     issued rwt: total=72620,0,0, short=0,0,0, dropped=0,0,0
     latency   : target=0, window=0, percentile=100.00%, depth=4

Run status group 0 (all jobs):
   READ: bw=18.1MiB/s (19.9MB/s), 18.1MiB/s-18.1MiB/s (19.9MB/s-19.9MB/s), io=284MiB (297MB), run=15003-15003msec

Disk stats (read/write):
  rbd0: ios=80355/0, merge=0/0, ticks=63734/0, in_queue=63043, util=98.53%


Testing Write Latency...
write_latency: (g=0): rw=randwrite, bs=4096B-4096B,4096B-4096B,4096B-4096B, ioengine=libaio, iodepth=4
fio-2.17-45-g06cb
Starting 1 process

write_latency: (groupid=0, jobs=1): err= 0: pid=48: Fri Sep  6 22:26:11 2019
  write: IOPS=798, BW=3195KiB/s (3272kB/s)(46.9MiB/15004msec)
    slat (usec): min=6, max=2198, avg=19.89, stdev=23.50
    clat (msec): min=1, max=254, avg= 4.98, stdev= 8.27
     lat (msec): min=1, max=254, avg= 5.00, stdev= 8.27
    clat percentiles (usec):
     |  1.00th=[ 1736],  5.00th=[ 2064], 10.00th=[ 2288], 20.00th=[ 2608],
     | 30.00th=[ 2896], 40.00th=[ 3184], 50.00th=[ 3504], 60.00th=[ 3920],
     | 70.00th=[ 4576], 80.00th=[ 5536], 90.00th=[ 7648], 95.00th=[10944],
     | 99.00th=[27264], 99.50th=[39680], 99.90th=[146432], 99.95th=[183296],
     | 99.99th=[254976]
    lat (msec) : 2=3.78%, 4=57.37%, 10=32.94%, 20=4.41%, 50=1.11%
    lat (msec) : 100=0.28%, 250=0.10%, 500=0.03%
  cpu          : usr=0.94%, sys=2.53%, ctx=9598, majf=0, minf=4
  IO depths    : 1=0.1%, 2=0.1%, 4=113.4%, 8=0.0%, 16=0.0%, 32=0.0%, >=64=0.0%
     submit    : 0=0.0%, 4=100.0%, 8=0.0%, 16=0.0%, 32=0.0%, 64=0.0%, >=64=0.0%
     complete  : 0=0.0%, 4=100.0%, 8=0.0%, 16=0.0%, 32=0.0%, 64=0.0%, >=64=0.0%
     issued rwt: total=0,11983,0, short=0,0,0, dropped=0,0,0
     latency   : target=0, window=0, percentile=100.00%, depth=4

Run status group 0 (all jobs):
  WRITE: bw=3195KiB/s (3272kB/s), 3195KiB/s-3195KiB/s (3272kB/s-3272kB/s), io=46.9MiB (49.1MB), run=15004-15004msec

Disk stats (read/write):
  rbd0: ios=0/13587, merge=0/0, ticks=0/66464, in_queue=66361, util=99.45%


Testing Read Sequential Speed...
read_seq: (g=0): rw=read, bs=1024KiB-1024KiB,1024KiB-1024KiB,1024KiB-1024KiB, ioengine=libaio, iodepth=16
...
fio-2.17-45-g06cb
Starting 4 threads
read_seq: Laying out IO file(s) (1 file(s) / 3548MiB)

read_seq: (groupid=0, jobs=1): err= 0: pid=56: Fri Sep  6 22:27:02 2019
   read: IOPS=72, BW=73.8MiB/s (77.4MB/s)(1145MiB/15525msec)
  cpu          : usr=0.03%, sys=1.08%, ctx=1080, majf=0, minf=0
  IO depths    : 1=0.1%, 2=0.2%, 4=0.4%, 8=0.7%, 16=111.8%, 32=0.0%, >=64=0.0%
     submit    : 0=0.0%, 4=100.0%, 8=0.0%, 16=0.0%, 32=0.0%, 64=0.0%, >=64=0.0%
     complete  : 0=0.0%, 4=99.9%, 8=0.0%, 16=0.1%, 32=0.0%, 64=0.0%, >=64=0.0%
     issued rwt: total=1130,0,0, short=0,0,0, dropped=0,0,0
     latency   : target=0, window=0, percentile=100.00%, depth=16
read_seq: (groupid=0, jobs=1): err= 0: pid=57: Fri Sep  6 22:27:02 2019
   read: IOPS=64, BW=65.7MiB/s (68.8MB/s)(1000MiB/15245msec)
  cpu          : usr=0.03%, sys=1.04%, ctx=944, majf=0, minf=0
  IO depths    : 1=0.1%, 2=0.2%, 4=0.4%, 8=0.8%, 16=115.2%, 32=0.0%, >=64=0.0%
     submit    : 0=0.0%, 4=100.0%, 8=0.0%, 16=0.0%, 32=0.0%, 64=0.0%, >=64=0.0%
     complete  : 0=0.0%, 4=99.9%, 8=0.0%, 16=0.1%, 32=0.0%, 64=0.0%, >=64=0.0%
     issued rwt: total=985,0,0, short=0,0,0, dropped=0,0,0
     latency   : target=0, window=0, percentile=100.00%, depth=16
read_seq: (groupid=0, jobs=1): err= 0: pid=58: Fri Sep  6 22:27:02 2019
   read: IOPS=75, BW=76.8MiB/s (79.8MB/s)(1181MiB/15525msec)
  cpu          : usr=0.04%, sys=1.11%, ctx=1099, majf=0, minf=0
  IO depths    : 1=0.1%, 2=0.2%, 4=0.3%, 8=0.7%, 16=108.3%, 32=0.0%, >=64=0.0%
     submit    : 0=0.0%, 4=100.0%, 8=0.0%, 16=0.0%, 32=0.0%, 64=0.0%, >=64=0.0%
     complete  : 0=0.0%, 4=99.9%, 8=0.0%, 16=0.1%, 32=0.0%, 64=0.0%, >=64=0.0%
     issued rwt: total=1166,0,0, short=0,0,0, dropped=0,0,0
     latency   : target=0, window=0, percentile=100.00%, depth=16
read_seq: (groupid=0, jobs=1): err= 0: pid=59: Fri Sep  6 22:27:02 2019
   read: IOPS=77, BW=78.2MiB/s (81.1MB/s)(1214MiB/15535msec)
  cpu          : usr=0.02%, sys=1.17%, ctx=1133, majf=0, minf=0
  IO depths    : 1=0.1%, 2=0.2%, 4=0.3%, 8=0.7%, 16=110.7%, 32=0.0%, >=64=0.0%
     submit    : 0=0.0%, 4=100.0%, 8=0.0%, 16=0.0%, 32=0.0%, 64=0.0%, >=64=0.0%
     complete  : 0=0.0%, 4=99.9%, 8=0.0%, 16=0.1%, 32=0.0%, 64=0.0%, >=64=0.0%
     issued rwt: total=1199,0,0, short=0,0,0, dropped=0,0,0
     latency   : target=0, window=0, percentile=100.00%, depth=16

Run status group 0 (all jobs):
   READ: bw=292MiB/s (306MB/s), 65.7MiB/s-78.2MiB/s (68.8MB/s-81.1MB/s), io=4540MiB (4761MB), run=15245-15535msec

Disk stats (read/write):
  rbd0: ios=5004/0, merge=1246/0, ticks=1083119/0, in_queue=1088968, util=98.38%


Testing Write Sequential Speed...
write_seq: (g=0): rw=write, bs=1024KiB-1024KiB,1024KiB-1024KiB,1024KiB-1024KiB, ioengine=libaio, iodepth=16
...
fio-2.17-45-g06cb
Starting 4 threads

write_seq: (groupid=0, jobs=1): err= 0: pid=67: Fri Sep  6 22:27:21 2019
  write: IOPS=27, BW=28.8MiB/s (30.2MB/s)(465MiB/16166msec)
  cpu          : usr=0.42%, sys=0.64%, ctx=337, majf=0, minf=0
  IO depths    : 1=0.2%, 2=0.4%, 4=0.9%, 8=1.8%, 16=110.0%, 32=0.0%, >=64=0.0%
     submit    : 0=0.0%, 4=100.0%, 8=0.0%, 16=0.0%, 32=0.0%, 64=0.0%, >=64=0.0%
     complete  : 0=0.0%, 4=99.8%, 8=0.0%, 16=0.2%, 32=0.0%, 64=0.0%, >=64=0.0%
     issued rwt: total=0,450,0, short=0,0,0, dropped=0,0,0
     latency   : target=0, window=0, percentile=100.00%, depth=16
write_seq: (groupid=0, jobs=1): err= 0: pid=68: Fri Sep  6 22:27:21 2019
  write: IOPS=28, BW=29.4MiB/s (30.9MB/s)(475MiB/16163msec)
  cpu          : usr=0.45%, sys=0.64%, ctx=357, majf=0, minf=0
  IO depths    : 1=0.2%, 2=0.4%, 4=0.9%, 8=1.7%, 16=107.6%, 32=0.0%, >=64=0.0%
     submit    : 0=0.0%, 4=100.0%, 8=0.0%, 16=0.0%, 32=0.0%, 64=0.0%, >=64=0.0%
     complete  : 0=0.0%, 4=99.8%, 8=0.0%, 16=0.2%, 32=0.0%, 64=0.0%, >=64=0.0%
     issued rwt: total=0,460,0, short=0,0,0, dropped=0,0,0
     latency   : target=0, window=0, percentile=100.00%, depth=16
write_seq: (groupid=0, jobs=1): err= 0: pid=69: Fri Sep  6 22:27:21 2019
  write: IOPS=23, BW=24.1MiB/s (26.2MB/s)(399MiB/16013msec)
  cpu          : usr=0.36%, sys=0.56%, ctx=301, majf=0, minf=0
  IO depths    : 1=0.3%, 2=0.5%, 4=1.0%, 8=2.1%, 16=112.2%, 32=0.0%, >=64=0.0%
     submit    : 0=0.0%, 4=100.0%, 8=0.0%, 16=0.0%, 32=0.0%, 64=0.0%, >=64=0.0%
     complete  : 0=0.0%, 4=99.8%, 8=0.0%, 16=0.2%, 32=0.0%, 64=0.0%, >=64=0.0%
     issued rwt: total=0,384,0, short=0,0,0, dropped=0,0,0
     latency   : target=0, window=0, percentile=100.00%, depth=16
write_seq: (groupid=0, jobs=1): err= 0: pid=70: Fri Sep  6 22:27:21 2019
  write: IOPS=24, BW=25.4MiB/s (26.6MB/s)(397MiB/15666msec)
  cpu          : usr=0.36%, sys=0.50%, ctx=290, majf=0, minf=0
  IO depths    : 1=0.3%, 2=0.5%, 4=1.0%, 8=2.1%, 16=112.8%, 32=0.0%, >=64=0.0%
     submit    : 0=0.0%, 4=100.0%, 8=0.0%, 16=0.0%, 32=0.0%, 64=0.0%, >=64=0.0%
     complete  : 0=0.0%, 4=99.8%, 8=0.0%, 16=0.2%, 32=0.0%, 64=0.0%, >=64=0.0%
     issued rwt: total=0,382,0, short=0,0,0, dropped=0,0,0
     latency   : target=0, window=0, percentile=100.00%, depth=16

Run status group 0 (all jobs):
  WRITE: bw=107MiB/s (113MB/s), 24.1MiB/s-29.4MiB/s (26.2MB/s-30.9MB/s), io=1736MiB (1820MB), run=15666-16166msec

Disk stats (read/write):
  rbd0: ios=0/1893, merge=0/472, ticks=0/1140024, in_queue=1141220, util=99.55%


Testing Read/Write Mixed...
rw_mix: (g=0): rw=randrw, bs=4096B-4096B,4096B-4096B,4096B-4096B, ioengine=libaio, iodepth=64
fio-2.17-45-g06cb
Starting 1 process

rw_mix: (groupid=0, jobs=1): err= 0: pid=78: Fri Sep  6 22:27:39 2019
   read: IOPS=5260, BW=20.6MiB/s (21.6MB/s)(310MiB/15082msec)
  write: IOPS=1770, BW=7091KiB/s (7261kB/s)(104MiB/15082msec)
  cpu          : usr=2.15%, sys=6.99%, ctx=18054, majf=0, minf=1
  IO depths    : 1=0.1%, 2=0.1%, 4=0.1%, 8=0.1%, 16=0.1%, 32=0.1%, >=64=112.6%
     submit    : 0=0.0%, 4=100.0%, 8=0.0%, 16=0.0%, 32=0.0%, 64=0.0%, >=64=0.0%
     complete  : 0=0.0%, 4=100.0%, 8=0.0%, 16=0.0%, 32=0.0%, 64=0.1%, >=64=0.0%
     issued rwt: total=79336,26704,0, short=0,0,0, dropped=0,0,0
     latency   : target=0, window=0, percentile=100.00%, depth=64

Run status group 0 (all jobs):
   READ: bw=20.6MiB/s (21.6MB/s), 20.6MiB/s-20.6MiB/s (21.6MB/s-21.6MB/s), io=310MiB (325MB), run=15082-15082msec
  WRITE: bw=7091KiB/s (7261kB/s), 7091KiB/s-7091KiB/s (7261kB/s-7261kB/s), io=104MiB (110MB), run=15082-15082msec

Disk stats (read/write):
  rbd0: ios=89389/30055, merge=0/0, ticks=464262/570040, in_queue=1011847, util=99.63%


All tests complete.

==================
= Dbench Summary =
==================
Random Read/Write IOPS: 14.4k/2811. BW: 272MiB/s / 80.1MiB/s
Average Latency (usec) Read/Write: 821.33/
Sequential Read/Write: 292MiB/s / 107MiB/s
Mixed Random Read/Write IOPS: 5260/1770
