Working dir: /data

Testing Read IOPS...
read_iops: (g=0): rw=randread, bs=4096B-4096B,4096B-4096B,4096B-4096B, ioengine=libaio, iodepth=64
fio-2.17-45-g06cb
Starting 1 process
read_iops: Laying out IO file(s) (1 file(s) / 2048MiB)

read_iops: (groupid=0, jobs=1): err= 0: pid=8: Fri Sep  6 22:14:35 2019
   read: IOPS=14.1k, BW=58.7MiB/s (61.5MB/s)(879MiB/15002msec)
  cpu          : usr=3.54%, sys=11.47%, ctx=19458, majf=0, minf=1
  IO depths    : 1=0.1%, 2=0.1%, 4=0.1%, 8=0.1%, 16=0.1%, 32=0.1%, >=64=113.1%
     submit    : 0=0.0%, 4=100.0%, 8=0.0%, 16=0.0%, 32=0.0%, 64=0.0%, >=64=0.0%
     complete  : 0=0.0%, 4=100.0%, 8=0.0%, 16=0.0%, 32=0.0%, 64=0.1%, >=64=0.0%
     issued rwt: total=225008,0,0, short=0,0,0, dropped=0,0,0
     latency   : target=0, window=0, percentile=100.00%, depth=64

Run status group 0 (all jobs):
   READ: bw=58.7MiB/s (61.5MB/s), 58.7MiB/s-58.7MiB/s (61.5MB/s-61.5MB/s), io=879MiB (922MB), run=15002-15002msec

Disk stats (read/write):
  rbd0: ios=254498/10, merge=0/7, ticks=958273/106, in_queue=858350, util=99.50%


Testing Write IOPS...
write_iops: (g=0): rw=randwrite, bs=4096B-4096B,4096B-4096B,4096B-4096B, ioengine=libaio, iodepth=64
fio-2.17-45-g06cb
Starting 1 process

write_iops: (groupid=0, jobs=1): err= 0: pid=16: Fri Sep  6 22:14:52 2019
  write: IOPS=2937, BW=11.6MiB/s (12.6MB/s)(173MiB/15024msec)
  cpu          : usr=1.10%, sys=3.37%, ctx=7461, majf=0, minf=1
  IO depths    : 1=0.1%, 2=0.1%, 4=0.1%, 8=0.1%, 16=0.1%, 32=0.1%, >=64=111.1%
     submit    : 0=0.0%, 4=100.0%, 8=0.0%, 16=0.0%, 32=0.0%, 64=0.0%, >=64=0.0%
     complete  : 0=0.0%, 4=100.0%, 8=0.0%, 16=0.0%, 32=0.0%, 64=0.1%, >=64=0.0%
     issued rwt: total=0,44140,0, short=0,0,0, dropped=0,0,0
     latency   : target=0, window=0, percentile=100.00%, depth=64

Run status group 0 (all jobs):
  WRITE: bw=11.6MiB/s (12.6MB/s), 11.6MiB/s-11.6MiB/s (12.6MB/s-12.6MB/s), io=173MiB (181MB), run=15024-15024msec

Disk stats (read/write):
  rbd0: ios=0/48963, merge=0/0, ticks=0/1066123, in_queue=1058273, util=99.61%


Testing Read Bandwidth...
read_bw: (g=0): rw=randread, bs=128KiB-128KiB,128KiB-128KiB,128KiB-128KiB, ioengine=libaio, iodepth=64
fio-2.17-45-g06cb
Starting 1 process

read_bw: (groupid=0, jobs=1): err= 0: pid=24: Fri Sep  6 22:15:10 2019
   read: IOPS=2228, BW=279MiB/s (293MB/s)(4198MiB/15041msec)
  cpu          : usr=0.89%, sys=6.25%, ctx=13597, majf=0, minf=1
  IO depths    : 1=0.1%, 2=0.1%, 4=0.1%, 8=0.1%, 16=0.1%, 32=0.1%, >=64=112.1%
     submit    : 0=0.0%, 4=100.0%, 8=0.0%, 16=0.0%, 32=0.0%, 64=0.0%, >=64=0.0%
     complete  : 0=0.0%, 4=100.0%, 8=0.0%, 16=0.0%, 32=0.0%, 64=0.1%, >=64=0.0%
     issued rwt: total=33520,0,0, short=0,0,0, dropped=0,0,0
     latency   : target=0, window=0, percentile=100.00%, depth=64

Run status group 0 (all jobs):
   READ: bw=279MiB/s (293MB/s), 279MiB/s-279MiB/s (293MB/s-293MB/s), io=4198MiB (4402MB), run=15041-15041msec

Disk stats (read/write):
  rbd0: ios=37507/1, merge=1146/0, ticks=1034094/31, in_queue=983655, util=99.61%


Testing Write Bandwidth...
write_bw: (g=0): rw=randwrite, bs=128KiB-128KiB,128KiB-128KiB,128KiB-128KiB, ioengine=libaio, iodepth=64
fio-2.17-45-g06cb
Starting 1 process

write_bw: (groupid=0, jobs=1): err= 0: pid=32: Fri Sep  6 22:15:27 2019
  write: IOPS=633, BW=79.8MiB/s (83.7MB/s)(1204MiB/15087msec)
  cpu          : usr=1.41%, sys=2.29%, ctx=1977, majf=0, minf=1
  IO depths    : 1=0.1%, 2=0.1%, 4=0.1%, 8=0.1%, 16=0.2%, 32=0.3%, >=64=111.1%
     submit    : 0=0.0%, 4=100.0%, 8=0.0%, 16=0.0%, 32=0.0%, 64=0.0%, >=64=0.0%
     complete  : 0=0.0%, 4=100.0%, 8=0.0%, 16=0.0%, 32=0.0%, 64=0.1%, >=64=0.0%
     issued rwt: total=0,9565,0, short=0,0,0, dropped=0,0,0
     latency   : target=0, window=0, percentile=100.00%, depth=64

Run status group 0 (all jobs):
  WRITE: bw=79.8MiB/s (83.7MB/s), 79.8MiB/s-79.8MiB/s (83.7MB/s-83.7MB/s), io=1204MiB (1262MB), run=15087-15087msec

Disk stats (read/write):
  rbd0: ios=0/10590, merge=0/272, ticks=0/1074340, in_queue=1074443, util=99.58%


Testing Read Latency...
read_latency: (g=0): rw=randread, bs=4096B-4096B,4096B-4096B,4096B-4096B, ioengine=libaio, iodepth=4
fio-2.17-45-g06cb
Starting 1 process

read_latency: (groupid=0, jobs=1): err= 0: pid=40: Fri Sep  6 22:15:45 2019
   read: IOPS=3894, BW=15.3MiB/s (15.1MB/s)(228MiB/15002msec)
    slat (usec): min=4, max=2419, avg=11.63, stdev=13.33
    clat (usec): min=141, max=164993, avg=1009.69, stdev=1898.21
     lat (usec): min=149, max=165019, avg=1021.39, stdev=1898.75
    clat percentiles (usec):
     |  1.00th=[  209],  5.00th=[  306], 10.00th=[  378], 20.00th=[  470],
     | 30.00th=[  564], 40.00th=[  644], 50.00th=[  732], 60.00th=[  812],
     | 70.00th=[  916], 80.00th=[ 1064], 90.00th=[ 1480], 95.00th=[ 2512],
     | 99.00th=[ 6816], 99.50th=[ 9280], 99.90th=[16768], 99.95th=[23424],
     | 99.99th=[95744]
    lat (usec) : 250=2.55%, 500=20.66%, 750=29.29%, 1000=23.52%
    lat (msec) : 2=17.34%, 4=4.11%, 10=2.12%, 20=0.34%, 50=0.05%
    lat (msec) : 100=0.01%, 250=0.01%
  cpu          : usr=3.73%, sys=8.21%, ctx=41525, majf=0, minf=3
  IO depths    : 1=0.1%, 2=0.1%, 4=115.6%, 8=0.0%, 16=0.0%, 32=0.0%, >=64=0.0%
     submit    : 0=0.0%, 4=100.0%, 8=0.0%, 16=0.0%, 32=0.0%, 64=0.0%, >=64=0.0%
     complete  : 0=0.0%, 4=100.0%, 8=0.0%, 16=0.0%, 32=0.0%, 64=0.0%, >=64=0.0%
     issued rwt: total=58430,0,0, short=0,0,0, dropped=0,0,0
     latency   : target=0, window=0, percentile=100.00%, depth=4

Run status group 0 (all jobs):
   READ: bw=15.3MiB/s (15.1MB/s), 15.3MiB/s-15.3MiB/s (15.1MB/s-15.1MB/s), io=228MiB (239MB), run=15002-15002msec

Disk stats (read/write):
  rbd0: ios=67549/0, merge=0/0, ticks=62932/0, in_queue=62173, util=98.12%


Testing Write Latency...
write_latency: (g=0): rw=randwrite, bs=4096B-4096B,4096B-4096B,4096B-4096B, ioengine=libaio, iodepth=4
fio-2.17-45-g06cb
Starting 1 process

write_latency: (groupid=0, jobs=1): err= 0: pid=48: Fri Sep  6 22:16:02 2019
  write: IOPS=841, BW=3369KiB/s (3450kB/s)(49.4MiB/15004msec)
    slat (usec): min=6, max=317, avg=20.71, stdev=13.89
    clat (msec): min=1, max=615, avg= 4.72, stdev=12.75
     lat (msec): min=1, max=615, avg= 4.74, stdev=12.75
    clat percentiles (usec):
     |  1.00th=[ 1704],  5.00th=[ 1992], 10.00th=[ 2192], 20.00th=[ 2480],
     | 30.00th=[ 2736], 40.00th=[ 2992], 50.00th=[ 3280], 60.00th=[ 3664],
     | 70.00th=[ 4192], 80.00th=[ 5152], 90.00th=[ 6880], 95.00th=[ 9408],
     | 99.00th=[22912], 99.50th=[36096], 99.90th=[132096], 99.95th=[242688],
     | 99.99th=[577536]
    lat (msec) : 2=5.01%, 4=61.58%, 10=29.02%, 20=3.24%, 50=0.84%
    lat (msec) : 100=0.19%, 250=0.11%, 500=0.01%, 750=0.03%
  cpu          : usr=0.99%, sys=2.83%, ctx=10281, majf=0, minf=4
  IO depths    : 1=0.1%, 2=0.1%, 4=111.9%, 8=0.0%, 16=0.0%, 32=0.0%, >=64=0.0%
     submit    : 0=0.0%, 4=100.0%, 8=0.0%, 16=0.0%, 32=0.0%, 64=0.0%, >=64=0.0%
     complete  : 0=0.0%, 4=100.0%, 8=0.0%, 16=0.0%, 32=0.0%, 64=0.0%, >=64=0.0%
     issued rwt: total=0,12633,0, short=0,0,0, dropped=0,0,0
     latency   : target=0, window=0, percentile=100.00%, depth=4

Run status group 0 (all jobs):
  WRITE: bw=3369KiB/s (3450kB/s), 3369KiB/s-3369KiB/s (3450kB/s-3450kB/s), io=49.4MiB (51.8MB), run=15004-15004msec

Disk stats (read/write):
  rbd0: ios=0/14128, merge=0/0, ticks=0/66395, in_queue=66297, util=99.52%


Testing Read Sequential Speed...
read_seq: (g=0): rw=read, bs=1024KiB-1024KiB,1024KiB-1024KiB,1024KiB-1024KiB, ioengine=libaio, iodepth=16
...
fio-2.17-45-g06cb
Starting 4 threads
read_seq: Laying out IO file(s) (1 file(s) / 3548MiB)

read_seq: (groupid=0, jobs=1): err= 0: pid=56: Fri Sep  6 22:16:54 2019
   read: IOPS=77, BW=78.3MiB/s (82.6MB/s)(1224MiB/15642msec)
  cpu          : usr=0.09%, sys=1.15%, ctx=1131, majf=0, minf=0
  IO depths    : 1=0.1%, 2=0.2%, 4=0.3%, 8=0.7%, 16=109.8%, 32=0.0%, >=64=0.0%
     submit    : 0=0.0%, 4=100.0%, 8=0.0%, 16=0.0%, 32=0.0%, 64=0.0%, >=64=0.0%
     complete  : 0=0.0%, 4=99.9%, 8=0.0%, 16=0.1%, 32=0.0%, 64=0.0%, >=64=0.0%
     issued rwt: total=1209,0,0, short=0,0,0, dropped=0,0,0
     latency   : target=0, window=0, percentile=100.00%, depth=16
read_seq: (groupid=0, jobs=1): err= 0: pid=57: Fri Sep  6 22:16:54 2019
   read: IOPS=66, BW=67.3MiB/s (70.5MB/s)(1041MiB/15491msec)
  cpu          : usr=0.07%, sys=1.01%, ctx=964, majf=0, minf=0
  IO depths    : 1=0.1%, 2=0.2%, 4=0.4%, 8=0.8%, 16=110.6%, 32=0.0%, >=64=0.0%
     submit    : 0=0.0%, 4=100.0%, 8=0.0%, 16=0.0%, 32=0.0%, 64=0.0%, >=64=0.0%
     complete  : 0=0.0%, 4=99.9%, 8=0.0%, 16=0.1%, 32=0.0%, 64=0.0%, >=64=0.0%
     issued rwt: total=1026,0,0, short=0,0,0, dropped=0,0,0
     latency   : target=0, window=0, percentile=100.00%, depth=16
read_seq: (groupid=0, jobs=1): err= 0: pid=58: Fri Sep  6 22:16:54 2019
   read: IOPS=73, BW=74.7MiB/s (78.3MB/s)(1173MiB/15721msec)
  cpu          : usr=0.05%, sys=1.18%, ctx=1095, majf=0, minf=0
  IO depths    : 1=0.1%, 2=0.2%, 4=0.3%, 8=0.7%, 16=114.6%, 32=0.0%, >=64=0.0%
     submit    : 0=0.0%, 4=100.0%, 8=0.0%, 16=0.0%, 32=0.0%, 64=0.0%, >=64=0.0%
     complete  : 0=0.0%, 4=99.9%, 8=0.0%, 16=0.1%, 32=0.0%, 64=0.0%, >=64=0.0%
     issued rwt: total=1158,0,0, short=0,0,0, dropped=0,0,0
     latency   : target=0, window=0, percentile=100.00%, depth=16
read_seq: (groupid=0, jobs=1): err= 0: pid=59: Fri Sep  6 22:16:54 2019
   read: IOPS=76, BW=77.2MiB/s (80.9MB/s)(1207MiB/15655msec)
  cpu          : usr=0.04%, sys=1.19%, ctx=1110, majf=0, minf=0
  IO depths    : 1=0.1%, 2=0.2%, 4=0.3%, 8=0.7%, 16=111.3%, 32=0.0%, >=64=0.0%
     submit    : 0=0.0%, 4=100.0%, 8=0.0%, 16=0.0%, 32=0.0%, 64=0.0%, >=64=0.0%
     complete  : 0=0.0%, 4=99.9%, 8=0.0%, 16=0.1%, 32=0.0%, 64=0.0%, >=64=0.0%
     issued rwt: total=1192,0,0, short=0,0,0, dropped=0,0,0
     latency   : target=0, window=0, percentile=100.00%, depth=16

Run status group 0 (all jobs):
   READ: bw=295MiB/s (310MB/s), 67.3MiB/s-78.3MiB/s (70.5MB/s-82.6MB/s), io=4645MiB (4871MB), run=15491-15721msec

Disk stats (read/write):
  rbd0: ios=5122/0, merge=1276/0, ticks=1090260/0, in_queue=1093967, util=98.64%


Testing Write Sequential Speed...
write_seq: (g=0): rw=write, bs=1024KiB-1024KiB,1024KiB-1024KiB,1024KiB-1024KiB, ioengine=libaio, iodepth=16
...
fio-2.17-45-g06cb
Starting 4 threads

write_seq: (groupid=0, jobs=1): err= 0: pid=67: Fri Sep  6 22:17:13 2019
  write: IOPS=27, BW=28.5MiB/s (29.4MB/s)(465MiB/16604msec)
  cpu          : usr=0.46%, sys=0.63%, ctx=376, majf=0, minf=0
  IO depths    : 1=0.2%, 2=0.4%, 4=0.9%, 8=1.8%, 16=110.0%, 32=0.0%, >=64=0.0%
     submit    : 0=0.0%, 4=100.0%, 8=0.0%, 16=0.0%, 32=0.0%, 64=0.0%, >=64=0.0%
     complete  : 0=0.0%, 4=99.8%, 8=0.0%, 16=0.2%, 32=0.0%, 64=0.0%, >=64=0.0%
     issued rwt: total=0,450,0, short=0,0,0, dropped=0,0,0
     latency   : target=0, window=0, percentile=100.00%, depth=16
write_seq: (groupid=0, jobs=1): err= 0: pid=68: Fri Sep  6 22:17:13 2019
  write: IOPS=23, BW=23.1MiB/s (25.2MB/s)(392MiB/16351msec)
  cpu          : usr=0.36%, sys=0.52%, ctx=307, majf=0, minf=0
  IO depths    : 1=0.3%, 2=0.5%, 4=1.1%, 8=2.1%, 16=114.3%, 32=0.0%, >=64=0.0%
     submit    : 0=0.0%, 4=100.0%, 8=0.0%, 16=0.0%, 32=0.0%, 64=0.0%, >=64=0.0%
     complete  : 0=0.0%, 4=99.8%, 8=0.0%, 16=0.2%, 32=0.0%, 64=0.0%, >=64=0.0%
     issued rwt: total=0,377,0, short=0,0,0, dropped=0,0,0
     latency   : target=0, window=0, percentile=100.00%, depth=16
write_seq: (groupid=0, jobs=1): err= 0: pid=69: Fri Sep  6 22:17:13 2019
  write: IOPS=26, BW=27.2MiB/s (28.5MB/s)(451MiB/16619msec)
  cpu          : usr=0.42%, sys=0.63%, ctx=357, majf=0, minf=0
  IO depths    : 1=0.2%, 2=0.5%, 4=0.9%, 8=1.8%, 16=113.5%, 32=0.0%, >=64=0.0%
     submit    : 0=0.0%, 4=100.0%, 8=0.0%, 16=0.0%, 32=0.0%, 64=0.0%, >=64=0.0%
     complete  : 0=0.0%, 4=99.8%, 8=0.0%, 16=0.2%, 32=0.0%, 64=0.0%, >=64=0.0%
     issued rwt: total=0,436,0, short=0,0,0, dropped=0,0,0
     latency   : target=0, window=0, percentile=100.00%, depth=16
write_seq: (groupid=0, jobs=1): err= 0: pid=70: Fri Sep  6 22:17:13 2019
  write: IOPS=26, BW=27.5MiB/s (28.8MB/s)(464MiB/16915msec)
  cpu          : usr=0.47%, sys=0.62%, ctx=369, majf=0, minf=0
  IO depths    : 1=0.2%, 2=0.4%, 4=0.9%, 8=1.8%, 16=110.2%, 32=0.0%, >=64=0.0%
     submit    : 0=0.0%, 4=100.0%, 8=0.0%, 16=0.0%, 32=0.0%, 64=0.0%, >=64=0.0%
     complete  : 0=0.0%, 4=99.8%, 8=0.0%, 16=0.2%, 32=0.0%, 64=0.0%, >=64=0.0%
     issued rwt: total=0,449,0, short=0,0,0, dropped=0,0,0
     latency   : target=0, window=0, percentile=100.00%, depth=16

Run status group 0 (all jobs):
  WRITE: bw=105MiB/s (110MB/s), 23.1MiB/s-28.5MiB/s (25.2MB/s-29.4MB/s), io=1772MiB (1858MB), run=16351-16915msec

Disk stats (read/write):
  rbd0: ios=0/1966, merge=0/492, ticks=0/1177717, in_queue=1183392, util=99.50%


Testing Read/Write Mixed...
rw_mix: (g=0): rw=randrw, bs=4096B-4096B,4096B-4096B,4096B-4096B, ioengine=libaio, iodepth=64
fio-2.17-45-g06cb
Starting 1 process

rw_mix: (groupid=0, jobs=1): err= 0: pid=78: Fri Sep  6 22:17:31 2019
   read: IOPS=5780, BW=22.7MiB/s (23.7MB/s)(339MiB/15027msec)
  write: IOPS=1923, BW=7701KiB/s (7886kB/s)(113MiB/15027msec)
  cpu          : usr=2.39%, sys=7.49%, ctx=16891, majf=0, minf=1
  IO depths    : 1=0.1%, 2=0.1%, 4=0.1%, 8=0.1%, 16=0.1%, 32=0.1%, >=64=113.3%
     submit    : 0=0.0%, 4=100.0%, 8=0.0%, 16=0.0%, 32=0.0%, 64=0.0%, >=64=0.0%
     complete  : 0=0.0%, 4=100.0%, 8=0.0%, 16=0.0%, 32=0.0%, 64=0.1%, >=64=0.0%
     issued rwt: total=86871,28900,0, short=0,0,0, dropped=0,0,0
     latency   : target=0, window=0, percentile=100.00%, depth=64

Run status group 0 (all jobs):
   READ: bw=22.7MiB/s (23.7MB/s), 22.7MiB/s-22.7MiB/s (23.7MB/s-23.7MB/s), io=339MiB (356MB), run=15027-15027msec
  WRITE: bw=7701KiB/s (7886kB/s), 7701KiB/s-7701KiB/s (7886kB/s-7886kB/s), io=113MiB (119MB), run=15027-15027msec

Disk stats (read/write):
  rbd0: ios=98397/32697, merge=0/0, ticks=491948/533033, in_queue=989762, util=99.62%


All tests complete.

==================
= Dbench Summary =
==================
Random Read/Write IOPS: 14.1k/2937. BW: 279MiB/s / 79.8MiB/s
Average Latency (usec) Read/Write: 1021.39/
Sequential Read/Write: 295MiB/s / 105MiB/s
Mixed Random Read/Write IOPS: 5780/1923
