Working dir: /data

Testing Read IOPS...
read_iops: (g=0): rw=randread, bs=4096B-4096B,4096B-4096B,4096B-4096B, ioengine=libaio, iodepth=64
fio-2.17-45-g06cb
Starting 1 process
read_iops: Laying out IO file(s) (1 file(s) / 2048MiB)

read_iops: (groupid=0, jobs=1): err= 0: pid=8: Fri Sep  6 22:09:30 2019
   read: IOPS=5263, BW=20.6MiB/s (21.6MB/s)(310MiB/15059msec)
  cpu          : usr=2.70%, sys=10.08%, ctx=88448, majf=0, minf=1
  IO depths    : 1=0.1%, 2=0.1%, 4=0.1%, 8=0.1%, 16=0.1%, 32=0.1%, >=64=113.3%
     submit    : 0=0.0%, 4=100.0%, 8=0.0%, 16=0.0%, 32=0.0%, 64=0.0%, >=64=0.0%
     complete  : 0=0.0%, 4=100.0%, 8=0.0%, 16=0.0%, 32=0.0%, 64=0.1%, >=64=0.0%
     issued rwt: total=79265,0,0, short=0,0,0, dropped=0,0,0
     latency   : target=0, window=0, percentile=100.00%, depth=64

Run status group 0 (all jobs):
   READ: bw=20.6MiB/s (21.6MB/s), 20.6MiB/s-20.6MiB/s (21.6MB/s-21.6MB/s), io=310MiB (325MB), run=15059-15059msec


Testing Write IOPS...
write_iops: (g=0): rw=randwrite, bs=4096B-4096B,4096B-4096B,4096B-4096B, ioengine=libaio, iodepth=64
fio-2.17-45-g06cb
Starting 1 process

write_iops: (groupid=0, jobs=1): err= 0: pid=16: Fri Sep  6 22:09:48 2019
  write: IOPS=1830, BW=7339KiB/s (7515kB/s)(108MiB/15040msec)
  cpu          : usr=1.85%, sys=6.35%, ctx=49834, majf=0, minf=1
  IO depths    : 1=0.1%, 2=0.1%, 4=0.1%, 8=0.1%, 16=0.1%, 32=0.1%, >=64=117.6%
     submit    : 0=0.0%, 4=100.0%, 8=0.0%, 16=0.0%, 32=0.0%, 64=0.0%, >=64=0.0%
     complete  : 0=0.0%, 4=100.0%, 8=0.0%, 16=0.0%, 32=0.0%, 64=0.1%, >=64=0.0%
     issued rwt: total=0,27532,0, short=0,0,0, dropped=0,0,0
     latency   : target=0, window=0, percentile=100.00%, depth=64

Run status group 0 (all jobs):
  WRITE: bw=7339KiB/s (7515kB/s), 7339KiB/s-7339KiB/s (7515kB/s-7515kB/s), io=108MiB (113MB), run=15040-15040msec


Testing Read Bandwidth...
read_bw: (g=0): rw=randread, bs=128KiB-128KiB,128KiB-128KiB,128KiB-128KiB, ioengine=libaio, iodepth=64
fio-2.17-45-g06cb
Starting 1 process

read_bw: (groupid=0, jobs=1): err= 0: pid=24: Fri Sep  6 22:10:06 2019
   read: IOPS=2351, BW=294MiB/s (309MB/s)(4440MiB/15080msec)
  cpu          : usr=1.29%, sys=5.74%, ctx=42758, majf=0, minf=1
  IO depths    : 1=0.1%, 2=0.1%, 4=0.1%, 8=0.1%, 16=0.1%, 32=0.1%, >=64=110.5%
     submit    : 0=0.0%, 4=100.0%, 8=0.0%, 16=0.0%, 32=0.0%, 64=0.0%, >=64=0.0%
     complete  : 0=0.0%, 4=100.0%, 8=0.0%, 16=0.0%, 32=0.0%, 64=0.1%, >=64=0.0%
     issued rwt: total=35458,0,0, short=0,0,0, dropped=0,0,0
     latency   : target=0, window=0, percentile=100.00%, depth=64

Run status group 0 (all jobs):
   READ: bw=294MiB/s (309MB/s), 294MiB/s-294MiB/s (309MB/s-309MB/s), io=4440MiB (4656MB), run=15080-15080msec


Testing Write Bandwidth...
write_bw: (g=0): rw=randwrite, bs=128KiB-128KiB,128KiB-128KiB,128KiB-128KiB, ioengine=libaio, iodepth=64
fio-2.17-45-g06cb
Starting 1 process

write_bw: (groupid=0, jobs=1): err= 0: pid=32: Fri Sep  6 22:10:23 2019
  write: IOPS=1097, BW=138MiB/s (144MB/s)(2077MiB/15073msec)
  cpu          : usr=3.62%, sys=4.43%, ctx=27203, majf=0, minf=1
  IO depths    : 1=0.1%, 2=0.1%, 4=0.1%, 8=0.1%, 16=0.1%, 32=0.2%, >=64=113.3%
     submit    : 0=0.0%, 4=100.0%, 8=0.0%, 16=0.0%, 32=0.0%, 64=0.0%, >=64=0.0%
     complete  : 0=0.0%, 4=100.0%, 8=0.0%, 16=0.0%, 32=0.0%, 64=0.1%, >=64=0.0%
     issued rwt: total=0,16550,0, short=0,0,0, dropped=0,0,0
     latency   : target=0, window=0, percentile=100.00%, depth=64

Run status group 0 (all jobs):
  WRITE: bw=138MiB/s (144MB/s), 138MiB/s-138MiB/s (144MB/s-144MB/s), io=2077MiB (2177MB), run=15073-15073msec


Testing Read Latency...
read_latency: (g=0): rw=randread, bs=4096B-4096B,4096B-4096B,4096B-4096B, ioengine=libaio, iodepth=4
fio-2.17-45-g06cb
Starting 1 process

read_latency: (groupid=0, jobs=1): err= 0: pid=40: Fri Sep  6 22:10:40 2019
   read: IOPS=1697, BW=6790KiB/s (6953kB/s)(99.6MiB/15004msec)
    slat (usec): min=20, max=11457, avg=120.82, stdev=247.70
    clat (usec): min=764, max=331668, avg=2226.69, stdev=3568.03
     lat (usec): min=848, max=331772, avg=2349.03, stdev=3588.39
    clat percentiles (usec):
     |  1.00th=[ 1224],  5.00th=[ 1368], 10.00th=[ 1448], 20.00th=[ 1576],
     | 30.00th=[ 1656], 40.00th=[ 1752], 50.00th=[ 1832], 60.00th=[ 1944],
     | 70.00th=[ 2064], 80.00th=[ 2288], 90.00th=[ 2864], 95.00th=[ 4048],
     | 99.00th=[ 9024], 99.50th=[11968], 99.90th=[25984], 99.95th=[32640],
     | 99.99th=[191488]
    lat (usec) : 1000=0.04%
    lat (msec) : 2=65.17%, 4=29.65%, 10=4.35%, 20=0.66%, 50=0.11%
    lat (msec) : 100=0.01%, 250=0.01%, 500=0.01%
  cpu          : usr=2.55%, sys=7.59%, ctx=38324, majf=0, minf=3
  IO depths    : 1=0.1%, 2=0.1%, 4=114.2%, 8=0.0%, 16=0.0%, 32=0.0%, >=64=0.0%
     submit    : 0=0.0%, 4=100.0%, 8=0.0%, 16=0.0%, 32=0.0%, 64=0.0%, >=64=0.0%
     complete  : 0=0.0%, 4=100.0%, 8=0.0%, 16=0.0%, 32=0.0%, 64=0.0%, >=64=0.0%
     issued rwt: total=25467,0,0, short=0,0,0, dropped=0,0,0
     latency   : target=0, window=0, percentile=100.00%, depth=4

Run status group 0 (all jobs):
   READ: bw=6790KiB/s (6953kB/s), 6790KiB/s-6790KiB/s (6953kB/s-6953kB/s), io=99.6MiB (104MB), run=15004-15004msec


Testing Write Latency...
write_latency: (g=0): rw=randwrite, bs=4096B-4096B,4096B-4096B,4096B-4096B, ioengine=libaio, iodepth=4
fio-2.17-45-g06cb
Starting 1 process

write_latency: (groupid=0, jobs=1): err= 0: pid=48: Fri Sep  6 22:10:58 2019
  write: IOPS=1916, BW=7665KiB/s (7849kB/s)(112MiB/15002msec)
    slat (usec): min=21, max=14221, avg=110.50, stdev=295.00
    clat (usec): min=307, max=162138, avg=1970.74, stdev=2429.98
     lat (usec): min=401, max=162197, avg=2080.99, stdev=2449.70
    clat percentiles (usec):
     |  1.00th=[  462],  5.00th=[  628], 10.00th=[  884], 20.00th=[ 1240],
     | 30.00th=[ 1448], 40.00th=[ 1624], 50.00th=[ 1784], 60.00th=[ 1944],
     | 70.00th=[ 2096], 80.00th=[ 2320], 90.00th=[ 2672], 95.00th=[ 3344],
     | 99.00th=[ 7648], 99.50th=[10688], 99.90th=[21120], 99.95th=[28032],
     | 99.99th=[160768]
    lat (usec) : 500=1.91%, 750=5.51%, 1000=5.11%
    lat (msec) : 2=51.41%, 4=32.46%, 10=3.06%, 20=0.42%, 50=0.12%
    lat (msec) : 250=0.01%
  cpu          : usr=2.47%, sys=7.30%, ctx=52337, majf=0, minf=4
  IO depths    : 1=0.1%, 2=0.1%, 4=116.8%, 8=0.0%, 16=0.0%, 32=0.0%, >=64=0.0%
     submit    : 0=0.0%, 4=100.0%, 8=0.0%, 16=0.0%, 32=0.0%, 64=0.0%, >=64=0.0%
     complete  : 0=0.0%, 4=100.0%, 8=0.0%, 16=0.0%, 32=0.0%, 64=0.0%, >=64=0.0%
     issued rwt: total=0,28746,0, short=0,0,0, dropped=0,0,0
     latency   : target=0, window=0, percentile=100.00%, depth=4

Run status group 0 (all jobs):
  WRITE: bw=7665KiB/s (7849kB/s), 7665KiB/s-7665KiB/s (7849kB/s-7849kB/s), io=112MiB (118MB), run=15002-15002msec


Testing Read Sequential Speed...
read_seq: (g=0): rw=read, bs=1024KiB-1024KiB,1024KiB-1024KiB,1024KiB-1024KiB, ioengine=libaio, iodepth=16
...
fio-2.17-45-g06cb
Starting 4 threads
read_seq: Laying out IO file(s) (1 file(s) / 3548MiB)

read_seq: (groupid=0, jobs=1): err= 0: pid=56: Fri Sep  6 22:11:41 2019
   read: IOPS=61, BW=62.1MiB/s (65.2MB/s)(944MiB/15202msec)
  cpu          : usr=0.09%, sys=0.77%, ctx=8091, majf=0, minf=0
  IO depths    : 1=0.1%, 2=0.2%, 4=0.4%, 8=0.9%, 16=108.4%, 32=0.0%, >=64=0.0%
     submit    : 0=0.0%, 4=100.0%, 8=0.0%, 16=0.0%, 32=0.0%, 64=0.0%, >=64=0.0%
     complete  : 0=0.0%, 4=99.9%, 8=0.0%, 16=0.1%, 32=0.0%, 64=0.0%, >=64=0.0%
     issued rwt: total=929,0,0, short=0,0,0, dropped=0,0,0
     latency   : target=0, window=0, percentile=100.00%, depth=16
read_seq: (groupid=0, jobs=1): err= 0: pid=57: Fri Sep  6 22:11:41 2019
   read: IOPS=64, BW=65.3MiB/s (68.4MB/s)(1001MiB/15351msec)
  cpu          : usr=0.05%, sys=0.79%, ctx=8331, majf=0, minf=0
  IO depths    : 1=0.1%, 2=0.2%, 4=0.4%, 8=0.8%, 16=108.6%, 32=0.0%, >=64=0.0%
     submit    : 0=0.0%, 4=100.0%, 8=0.0%, 16=0.0%, 32=0.0%, 64=0.0%, >=64=0.0%
     complete  : 0=0.0%, 4=99.9%, 8=0.0%, 16=0.1%, 32=0.0%, 64=0.0%, >=64=0.0%
     issued rwt: total=986,0,0, short=0,0,0, dropped=0,0,0
     latency   : target=0, window=0, percentile=100.00%, depth=16
read_seq: (groupid=0, jobs=1): err= 0: pid=58: Fri Sep  6 22:11:41 2019
   read: IOPS=58, BW=59.1MiB/s (62.9MB/s)(901MiB/15041msec)
  cpu          : usr=0.05%, sys=0.80%, ctx=7935, majf=0, minf=0
  IO depths    : 1=0.1%, 2=0.2%, 4=0.5%, 8=0.9%, 16=106.4%, 32=0.0%, >=64=0.0%
     submit    : 0=0.0%, 4=100.0%, 8=0.0%, 16=0.0%, 32=0.0%, 64=0.0%, >=64=0.0%
     complete  : 0=0.0%, 4=99.9%, 8=0.0%, 16=0.1%, 32=0.0%, 64=0.0%, >=64=0.0%
     issued rwt: total=886,0,0, short=0,0,0, dropped=0,0,0
     latency   : target=0, window=0, percentile=100.00%, depth=16
read_seq: (groupid=0, jobs=1): err= 0: pid=59: Fri Sep  6 22:11:41 2019
   read: IOPS=62, BW=63.5MiB/s (66.6MB/s)(964MiB/15189msec)
  cpu          : usr=0.06%, sys=0.80%, ctx=8101, majf=0, minf=0
  IO depths    : 1=0.1%, 2=0.2%, 4=0.4%, 8=0.8%, 16=106.1%, 32=0.0%, >=64=0.0%
     submit    : 0=0.0%, 4=100.0%, 8=0.0%, 16=0.0%, 32=0.0%, 64=0.0%, >=64=0.0%
     complete  : 0=0.0%, 4=99.9%, 8=0.0%, 16=0.1%, 32=0.0%, 64=0.0%, >=64=0.0%
     issued rwt: total=949,0,0, short=0,0,0, dropped=0,0,0
     latency   : target=0, window=0, percentile=100.00%, depth=16

Run status group 0 (all jobs):
   READ: bw=248MiB/s (260MB/s), 59.1MiB/s-65.3MiB/s (62.9MB/s-68.4MB/s), io=3810MiB (3995MB), run=15041-15351msec


Testing Write Sequential Speed...
write_seq: (g=0): rw=write, bs=1024KiB-1024KiB,1024KiB-1024KiB,1024KiB-1024KiB, ioengine=libaio, iodepth=16
...
fio-2.17-45-g06cb
Starting 4 threads

write_seq: (groupid=0, jobs=1): err= 0: pid=67: Fri Sep  6 22:12:32 2019
  write: IOPS=1, BW=1909KiB/s (1954kB/s)(61.0MiB/32728msec)
  cpu          : usr=0.04%, sys=0.05%, ctx=452, majf=0, minf=0
  IO depths    : 1=2.2%, 2=4.3%, 4=8.7%, 8=17.4%, 16=102.2%, 32=0.0%, >=64=0.0%
     submit    : 0=0.0%, 4=100.0%, 8=0.0%, 16=0.0%, 32=0.0%, 64=0.0%, >=64=0.0%
     complete  : 0=0.0%, 4=97.9%, 8=0.0%, 16=2.1%, 32=0.0%, 64=0.0%, >=64=0.0%
     issued rwt: total=0,46,0, short=0,0,0, dropped=0,0,0
     latency   : target=0, window=0, percentile=100.00%, depth=16
write_seq: (groupid=0, jobs=1): err= 0: pid=68: Fri Sep  6 22:12:32 2019
  write: IOPS=1, BW=1792KiB/s (1835kB/s)(61.0MiB/34857msec)
  cpu          : usr=0.05%, sys=0.05%, ctx=462, majf=0, minf=0
  IO depths    : 1=2.2%, 2=4.3%, 4=8.7%, 8=17.4%, 16=102.2%, 32=0.0%, >=64=0.0%
     submit    : 0=0.0%, 4=100.0%, 8=0.0%, 16=0.0%, 32=0.0%, 64=0.0%, >=64=0.0%
     complete  : 0=0.0%, 4=97.9%, 8=0.0%, 16=2.1%, 32=0.0%, 64=0.0%, >=64=0.0%
     issued rwt: total=0,46,0, short=0,0,0, dropped=0,0,0
     latency   : target=0, window=0, percentile=100.00%, depth=16
write_seq: (groupid=0, jobs=1): err= 0: pid=69: Fri Sep  6 22:12:32 2019
  write: IOPS=0, BW=1277KiB/s (1307kB/s)(59.0MiB/47329msec)
  cpu          : usr=0.03%, sys=0.04%, ctx=480, majf=0, minf=0
  IO depths    : 1=2.3%, 2=4.5%, 4=9.1%, 8=18.2%, 16=106.8%, 32=0.0%, >=64=0.0%
     submit    : 0=0.0%, 4=100.0%, 8=0.0%, 16=0.0%, 32=0.0%, 64=0.0%, >=64=0.0%
     complete  : 0=0.0%, 4=97.9%, 8=0.0%, 16=2.1%, 32=0.0%, 64=0.0%, >=64=0.0%
     issued rwt: total=0,44,0, short=0,0,0, dropped=0,0,0
     latency   : target=0, window=0, percentile=100.00%, depth=16
write_seq: (groupid=0, jobs=1): err= 0: pid=70: Fri Sep  6 22:12:32 2019
  write: IOPS=1, BW=1751KiB/s (1793kB/s)(61.0MiB/35674msec)
  cpu          : usr=0.05%, sys=0.03%, ctx=452, majf=0, minf=0
  IO depths    : 1=2.2%, 2=4.3%, 4=8.7%, 8=17.4%, 16=102.2%, 32=0.0%, >=64=0.0%
     submit    : 0=0.0%, 4=100.0%, 8=0.0%, 16=0.0%, 32=0.0%, 64=0.0%, >=64=0.0%
     complete  : 0=0.0%, 4=97.9%, 8=0.0%, 16=2.1%, 32=0.0%, 64=0.0%, >=64=0.0%
     issued rwt: total=0,46,0, short=0,0,0, dropped=0,0,0
     latency   : target=0, window=0, percentile=100.00%, depth=16

Run status group 0 (all jobs):
  WRITE: bw=5236KiB/s (5362kB/s), 1277KiB/s-1909KiB/s (1307kB/s-1954kB/s), io=242MiB (254MB), run=32728-47329msec


Testing Read/Write Mixed...
rw_mix: (g=0): rw=randrw, bs=4096B-4096B,4096B-4096B,4096B-4096B, ioengine=libaio, iodepth=64
fio-2.17-45-g06cb
Starting 1 process

rw_mix: (groupid=0, jobs=1): err= 0: pid=78: Fri Sep  6 22:12:49 2019
   read: IOPS=1177, BW=4721KiB/s (4834kB/s)(69.3MiB/15023msec)
  write: IOPS=391, BW=1569KiB/s (1607kB/s)(23.3MiB/15023msec)
  cpu          : usr=1.46%, sys=4.31%, ctx=23565, majf=0, minf=1
  IO depths    : 1=0.1%, 2=0.1%, 4=0.1%, 8=0.1%, 16=0.1%, 32=0.1%, >=64=114.6%
     submit    : 0=0.0%, 4=100.0%, 8=0.0%, 16=0.0%, 32=0.0%, 64=0.0%, >=64=0.0%
     complete  : 0=0.0%, 4=100.0%, 8=0.0%, 16=0.0%, 32=0.0%, 64=0.1%, >=64=0.0%
     issued rwt: total=17684,5878,0, short=0,0,0, dropped=0,0,0
     latency   : target=0, window=0, percentile=100.00%, depth=64

Run status group 0 (all jobs):
   READ: bw=4721KiB/s (4834kB/s), 4721KiB/s-4721KiB/s (4834kB/s-4834kB/s), io=69.3MiB (72.7MB), run=15023-15023msec
  WRITE: bw=1569KiB/s (1607kB/s), 1569KiB/s-1569KiB/s (1607kB/s-1607kB/s), io=23.3MiB (24.2MB), run=15023-15023msec


All tests complete.

==================
= Dbench Summary =
==================
Random Read/Write IOPS: 5263/1830. BW: 294MiB/s / 138MiB/s
Average Latency (usec) Read/Write: 2349.03/2080.99
Sequential Read/Write: 248MiB/s / 5236KiB/s
Mixed Random Read/Write IOPS: 1177/391
